 Output _params.ini not created as would overwrite input
 HQIV: Parameters validated. Calling CAMB_GetResults...
 HQIV: Loading H(a) table from: hqiv_Ha.txt
 HQIV: table loaded:   5001 points, a=[ 1.000E-07,  1.000E+00]
 HQIV: H/H0 range: [ 1.00000E+00,  9.23918E+11
]
 HQIV: computing tau0 (conformal time to today)...
 HQIV: tau0 =   2.126704E+04 Mpc
Om_b h^2             =  0.048000
Om_c h^2             =  0.000000
Om_nu h^2            =  0.000000
HQIV: effective late-time acceleration from QI horizon term: a0 ~ 1.2e-10 m/s^2 (matches observation)
HQIV: Omega_total = 1 enforced by horizon equilibrium (no separate DE)
Om_K                 =  0.000000
Om_m (inc Om_u)      =  0.097959
100 theta (CosmoMC)  =  0.785411
 HQIV: Entered cmbmain subroutine
Reion opt depth      =  0.1913
Age of universe/GYr  =  17.913
zstar                =  1067.73
r_s(zstar)/Mpc       =  163.93
100*theta            =  0.783905
DA(zstar)/Gpc        =  20.91152
zdrag                =  1096.04
r_s(zdrag)/Mpc       =  160.99
k_D(zstar) Mpc       =  0.1233
100*theta_D          =  0.121816
z_EQ (if v_nu=1)     =  1146.62
k_EQ Mpc (if v_nu=1) =  0.003501
100*theta_EQ         =  1.600220
100*theta_rs_EQ      =  0.745993
tau_recomb/Mpc       =  354.59  tau_now/Mpc =  21267.0
 HQIV: InitVars complete. tau0=   21267.044525566329     
 HQIV: Source integration done. Computing Cls...
 HQIV: Entering CalcScalCls - HQIV_covariant =  F
 HQIV: CAMB_GetResults returned. error_flag=           0
 HQIV: Output files written successfully.
 HQIV: Done.
