 HQIV: Parameters validated. Calling CAMB_GetResults...
 HQIV: Loading H(a) table from: hqiv_Ha.txt
 HQIV: table loaded:   5001 points, a=[ 1.000E-07,  1.000E+00]
 HQIV: H/H0 range: [ 1.00000E+00,  9.23918E+11
]
 HQIV: computing tau0 (conformal time to today)...
 HQIV: tau0 =   2.126704E+04 Mpc
Om_b h^2             =  0.048000
Om_c h^2             =  0.000000
Om_nu h^2            =  0.000000
HQIV: effective late-time acceleration from QI horizon term: a0 ~ 1.2e-10 m/s^2 (matches observation)
HQIV: Omega_total = 1 enforced by horizon equilibrium (no separate DE)
Om_K                 =  0.000000
Om_m (inc Om_u)      =  0.097959
100 theta (CosmoMC)  =  0.785411
 HQIV: Entered cmbmain subroutine
Reion opt depth      =  0.1913
Age of universe/GYr  =  17.913
zstar                =  1067.73
r_s(zstar)/Mpc       =  163.93
100*theta            =  0.783905
DA(zstar)/Gpc        =  20.91152
zdrag                =  1096.04
r_s(zdrag)/Mpc       =  160.99
k_D(zstar) Mpc       =  0.1233
100*theta_D          =  0.121816
z_EQ (if v_nu=1)     =  1146.62
k_EQ Mpc (if v_nu=1) =  0.003501
100*theta_EQ         =  1.600220
100*theta_rs_EQ      =  0.745993
tau_recomb/Mpc       =  354.43  tau_now/Mpc =  21267.0
 HQIV: InitVars complete. tau0=   21267.044525566329     
 HQIV: Source integration done. Computing Cls...
 HQIV: Entering CalcScalCls - HQIV_covariant =  T
 
 ========================================
   HQIV COVARIANT RESULTS SUMMARY
 ========================================
  Universe age today       =    17.91 Gyr
  tau0 (conformal time)    =  2.12670E+04 Mpc
  HQIV_beta                =   1.0200
  hqiv_coupling_strength    =   1.8200
  First acoustic peak ell  =    50.
  Low-ell suppression      =  -1.7982E+03 %
  Avg D_l (l=2-30)         =   3.4283E-02
  Avg D_l (l=100-200)      =   1.8060E-03
  z_star (recombination)   =  1067.73
  t(z_star) after BB       =    0.510 Myr
  r_s(z_star)              =  163.93 Mpc
  100*theta_star           =  0.783905
  sigma_8 (z=0)            =   0.0102
  d_A(z=2)                 =   2197.4 Mpc
  ~max structure (z=2)     =   1150.6 Mpc
 ========================================
 
 HQIV: CAMB_GetResults returned. error_flag=           0
at z =  0.000 sigma8 (all matter) =  0.0102
at z =  0.000 sigma8^2_vd/sigma8  =  0.0037
 HQIV: Output files written successfully.
 HQIV: Done.
